<?xml version="1.0" encoding="UTF-8" ?>
<testsuite tests="29" failures="0" name="org.olf.rs.circ.client.unitTests.transactions.NcipTransactionsUnitSuiteTest" time="0.223" errors="0" skipped="0">
  <properties>
    <property name="java.runtime.name" value="OpenJDK Runtime Environment"/>
    <property name="java.vm.version" value="11.0.5+10"/>
    <property name="sun.boot.library.path" value="C:\Program Files\Java\jdk-11.0.5.10\bin"/>
    <property name="maven.multiModuleProjectDirectory" value="C:\Michelle\_NCIPRELEASES\clientv10\lib-ncip-client"/>
    <property name="java.vm.vendor" value="AdoptOpenJDK"/>
    <property name="java.vendor.url" value="https://adoptopenjdk.net/"/>
    <property name="guice.disable.misplaced.annotation.check" value="true"/>
    <property name="path.separator" value=";"/>
    <property name="java.vm.name" value="OpenJDK Client VM"/>
    <property name="sun.os.patch.level" value=""/>
    <property name="user.script" value=""/>
    <property name="user.country" value="US"/>
    <property name="sun.java.launcher" value="SUN_STANDARD"/>
    <property name="java.vm.specification.name" value="Java Virtual Machine Specification"/>
    <property name="user.dir" value="C:\Michelle\_NCIPRELEASES\clientv10\lib-ncip-client"/>
    <property name="java.runtime.version" value="11.0.5+10"/>
    <property name="java.awt.graphicsenv" value="sun.awt.Win32GraphicsEnvironment"/>
    <property name="os.arch" value="x86"/>
    <property name="java.io.tmpdir" value="C:\Users\mis306\AppData\Local\Temp\"/>
    <property name="line.separator" value="
"/>
    <property name="java.vm.specification.vendor" value="Oracle Corporation"/>
    <property name="user.variant" value=""/>
    <property name="os.name" value="Windows 10"/>
    <property name="classworlds.conf" value="C:\Program Files\apache-maven-3.6.1\bin\..\bin\m2.conf"/>
    <property name="sun.jnu.encoding" value="Cp1252"/>
    <property name="java.library.path" value="C:\Program Files\Java\jdk-11.0.5.10\bin;C:\Windows\Sun\Java\bin;C:\Windows\system32;C:\Windows;C:\Program Files\Microsoft MPI\Bin\;C:\Program Files (x86)\Common Files\Oracle\Java\javapath;C:\Oracle12c_x86\product\12.2.0\client_1\bin;C:\Oracle12c_x86\product\12.2.0\client_1\OPatch;C:\Windows\system32;C:\Windows;C:\Windows\System32\Wbem;C:\Windows\System32\WindowsPowerShell\v1.0\;C:\Windows\System32\OpenSSH\;C:\Users\Administrator\AppData\Local\Microsoft\WindowsApps;C:\Users\Administrator\AppData\Local\Microsoft\WindowsApps;C:\Program Files\Java\jdk-11.0.5.10;C:\Program Files (x86)\010 Editor;C:\Program Files\apache-maven-3.6.1\bin;C:\Program Files (x86)\Microsoft SQL Server\140\Tools\Binn\;C:\Program Files\Microsoft SQL Server\140\Tools\Binn\;C:\Program Files (x86)\Microsoft SQL Server\140\DTS\Binn\;C:\Program Files\Microsoft SQL Server\140\DTS\Binn\;C:\Program Files\Microsoft SQL Server\Client SDK\ODBC\130\Tools\Binn\;C:\Program Files (x86)\Microsoft SQL Server\150\DTS\Binn\;C:\Users\mis306\AppData\Local\Programs\Python\Python37-32\Scripts;C:\Program Files (x86)\Yarn\bin\;C:\Program Files\nodejs\;C:\Program Files\PostgreSQL\10;C:\Program Files\Intel\WiFi\bin\;C:\Program Files\Common Files\Intel\WirelessCommon\;C:\xampp\php;C:\ProgramData\ComposerSetup\bin;C:\Program Files\Git\cmd;C:\Program Files\Amazon\AWSCLIV2\;C:\Program Files (x86)\pgsql\bin;C:\Program Files\pgsql\bin;C:\Program Files\pgsql\lib;C:\Users\mis306\AppData\Local\Microsoft\WindowsApps;C:\Users\mis306\AppData\Local\Programs\Microsoft VS Code\bin;C:\Users\mis306\AppData\Local\Yarn\bin;C:\Users\mis306\AppData\Roaming\npm;C:\Users\mis306\AppData\Roaming\Composer\vendor\bin;C:\Users\mis306\AppData\Local\GitHubDesktop\bin;C:\gradle\gradle-6.3\bin;C:\Program Files\pgsql\bin;C:\Program Files\pgsql\lib;;."/>
    <property name="maven.conf" value="C:\Program Files\apache-maven-3.6.1\bin\../conf"/>
    <property name="jdk.debug" value="release"/>
    <property name="java.class.version" value="55.0"/>
    <property name="java.specification.name" value="Java Platform API Specification"/>
    <property name="sun.management.compiler" value="HotSpot Client Compiler"/>
    <property name="os.version" value="10.0"/>
    <property name="library.jansi.path" value="C:\Program Files\apache-maven-3.6.1\bin\..\lib\jansi-native"/>
    <property name="user.home" value="C:\Users\mis306"/>
    <property name="user.timezone" value="America/New_York"/>
    <property name="java.awt.printerjob" value="sun.awt.windows.WPrinterJob"/>
    <property name="file.encoding" value="Cp1252"/>
    <property name="java.specification.version" value="11"/>
    <property name="user.name" value="mis306"/>
    <property name="java.class.path" value="C:\Program Files\apache-maven-3.6.1\bin\..\boot\plexus-classworlds-2.6.0.jar"/>
    <property name="java.vm.specification.version" value="11"/>
    <property name="sun.arch.data.model" value="32"/>
    <property name="sun.java.command" value="org.codehaus.plexus.classworlds.launcher.Launcher install"/>
    <property name="java.home" value="C:\Program Files\Java\jdk-11.0.5.10"/>
    <property name="user.language" value="en"/>
    <property name="java.specification.vendor" value="Oracle Corporation"/>
    <property name="awt.toolkit" value="sun.awt.windows.WToolkit"/>
    <property name="java.vm.info" value="mixed mode"/>
    <property name="java.version" value="11.0.5"/>
    <property name="java.vendor" value="AdoptOpenJDK"/>
    <property name="sun.stderr.encoding" value="cp437"/>
    <property name="maven.home" value="C:\Program Files\apache-maven-3.6.1\bin\.."/>
    <property name="file.separator" value="\"/>
    <property name="java.version.date" value="2019-10-15"/>
    <property name="java.vendor.url.bug" value="https://github.com/AdoptOpenJDK/openjdk-build/issues"/>
    <property name="sun.io.unicode.encoding" value="UnicodeLittle"/>
    <property name="sun.cpu.endian" value="little"/>
    <property name="java.vendor.version" value="AdoptOpenJDK"/>
    <property name="sun.stdout.encoding" value="cp437"/>
    <property name="sun.desktop" value="windows"/>
    <property name="sun.cpu.isalist" value="pentium_pro+mmx pentium_pro pentium+mmx pentium i486 i386 i86"/>
  </properties>
  <testcase classname="org.olf.rs.circ.client.unitTests.transactions.AcceptItemTests" name="testConstructNcip2Response" time="0"/>
  <testcase classname="org.olf.rs.circ.client.unitTests.transactions.AcceptItemTests" name="testGenerateNcip1Object" time="0.172"/>
  <testcase classname="org.olf.rs.circ.client.unitTests.transactions.AcceptItemTests" name="testConstructNcip1Response" time="0.002"/>
  <testcase classname="org.olf.rs.circ.client.unitTests.transactions.AcceptItemTests" name="testGenerateNcip2Object" time="0.003"/>
  <testcase classname="org.olf.rs.circ.client.unitTests.transactions.CheckinItemTests" name="testConstructNcip2Response" time="0.001"/>
  <testcase classname="org.olf.rs.circ.client.unitTests.transactions.CheckinItemTests" name="testGenerateNcip1Object" time="0.006"/>
  <testcase classname="org.olf.rs.circ.client.unitTests.transactions.CheckinItemTests" name="testConstructNcip1Response" time="0.001"/>
  <testcase classname="org.olf.rs.circ.client.unitTests.transactions.CheckinItemTests" name="testGenerateNcip2Object" time="0.001"/>
  <testcase classname="org.olf.rs.circ.client.unitTests.transactions.CheckoutItemTests" name="testConstructNcip2Response" time="0.002"/>
  <testcase classname="org.olf.rs.circ.client.unitTests.transactions.CheckoutItemTests" name="testGenerateNcip1Object" time="0.007"/>
  <testcase classname="org.olf.rs.circ.client.unitTests.transactions.CheckoutItemTests" name="testConstructNcip1Response" time="0.001"/>
  <testcase classname="org.olf.rs.circ.client.unitTests.transactions.CheckoutItemTests" name="testGenerateNcip2Object" time="0.001"/>
  <testcase classname="org.olf.rs.circ.client.unitTests.transactions.LookupUserTests" name="testConstructNcip2Response" time="0.003"/>
  <testcase classname="org.olf.rs.circ.client.unitTests.transactions.LookupUserTests" name="testGenerateNcip1Object" time="0.008"/>
  <testcase classname="org.olf.rs.circ.client.unitTests.transactions.LookupUserTests" name="testConstructNcip1Response" time="0.003"/>
  <testcase classname="org.olf.rs.circ.client.unitTests.transactions.LookupUserTests" name="testGenerateNcip2Object" time="0.001"/>
  <testcase classname="org.olf.rs.circ.client.unitTests.transactions.LookupUserTests" name="testConstructNcip1BlockedResponse" time="0.002"/>
  <testcase classname="org.olf.rs.circ.client.unitTests.transactions.LookupUserTests" name="testConstructNcip2ResponseWithNull" time="0"/>
  <testcase classname="org.olf.rs.circ.client.unitTests.transactions.LookupUserTests" name="testConstructNcip1ResponseWithNull" time="0.001"/>
  <testcase classname="org.olf.rs.circ.client.unitTests.transactions.LookupUserTests" name="testMissingPermission" time="0"/>
  <testcase classname="org.olf.rs.circ.client.unitTests.transactions.LookupUserTests" name="testUnsupportedMedia" time="0.001"/>
  <testcase classname="org.olf.rs.circ.client.unitTests.transactions.LookupUserTests" name="testUnsupportedEndpoint" time="0"/>
  <testcase classname="org.olf.rs.circ.client.unitTests.transactions.LookupUserTests" name="testBadRequest" time="0.001"/>
  <testcase classname="org.olf.rs.circ.client.unitTests.transactions.LookupUserTests" name="testGoodPatron" time="0.001"/>
  <testcase classname="org.olf.rs.circ.client.unitTests.transactions.LookupUserTests" name="testBlockedPatron" time="0.001"/>
  <testcase classname="org.olf.rs.circ.client.unitTests.transactions.LookupUserTests" name="checkEmailPattern" time="0.001"/>
  <testcase classname="org.olf.rs.circ.client.unitTests.transactions.LookupUserTests" name="testPatronNotFound" time="0.003"/>
  <testcase classname="org.olf.rs.circ.client.unitTests.transactions.LookupUserTests" name="testExpiredPatron" time="0"/>
  <testcase classname="org.olf.rs.circ.client.unitTests.transactions.LookupUserTests" name="testNotAuthorized" time="0"/>
</testsuite>